=== Verify totext against Kaldi ===
Started: Mon Feb  9 06:40:54 AM UTC 2026

âś… cegs.100.ark
âś… cegs.101.ark
âś… cegs.102.ark
âś… cegs.103.ark
âś… cegs.104.ark
âś… cegs.105.ark
âś… cegs.106.ark
âś… cegs.107.ark
âś… cegs.108.ark
âś… cegs.109.ark
âś… cegs.10.ark
âś… cegs.110.ark
âś… cegs.111.ark
âś… cegs.112.ark
âś… cegs.113.ark
âś… cegs.114.ark
âś… cegs.115.ark
âś… cegs.116.ark
âś… cegs.117.ark
âś… cegs.118.ark
âś… cegs.119.ark
âś… cegs.11.ark
âś… cegs.120.ark
âś… cegs.121.ark
âś… cegs.122.ark
âś… cegs.123.ark
âś… cegs.124.ark
âś… cegs.125.ark
âś… cegs.126.ark
âś… cegs.127.ark
âś… cegs.128.ark
âś… cegs.129.ark
âś… cegs.12.ark
âś… cegs.130.ark
âś… cegs.131.ark
âś… cegs.132.ark
âś… cegs.133.ark
âś… cegs.134.ark
âś… cegs.135.ark
âś… cegs.136.ark
âś… cegs.137.ark
âś… cegs.138.ark
âś… cegs.139.ark
âś… cegs.13.ark
âś… cegs.140.ark
âś… cegs.141.ark
âś… cegs.142.ark
âś… cegs.143.ark
âś… cegs.144.ark
âś… cegs.145.ark
âś… cegs.146.ark
âś… cegs.147.ark
âś… cegs.148.ark
âś… cegs.149.ark
âś… cegs.14.ark
âś… cegs.150.ark
âś… cegs.151.ark
âś… cegs.152.ark
âś… cegs.153.ark
âś… cegs.154.ark
âś… cegs.155.ark
âś… cegs.156.ark
âś… cegs.157.ark
âś… cegs.158.ark
âś… cegs.159.ark
âś… cegs.15.ark
âś… cegs.160.ark
âś… cegs.161.ark
âś… cegs.162.ark
âś… cegs.163.ark
âś… cegs.164.ark
âś… cegs.165.ark
âś… cegs.166.ark
âś… cegs.167.ark
âś… cegs.168.ark
âś… cegs.169.ark
âś… cegs.16.ark
âś… cegs.170.ark
âś… cegs.171.ark
âś… cegs.172.ark
âś… cegs.173.ark
âś… cegs.174.ark
âś… cegs.175.ark
âś… cegs.176.ark
âś… cegs.177.ark
âś… cegs.178.ark
âś… cegs.179.ark
âś… cegs.17.ark
âś… cegs.180.ark
âś… cegs.181.ark
âś… cegs.182.ark
âś… cegs.183.ark
âś… cegs.184.ark
âś… cegs.185.ark
âś… cegs.186.ark
âś… cegs.187.ark
âś… cegs.188.ark
âś… cegs.189.ark
âś… cegs.18.ark
âś… cegs.190.ark
âś… cegs.191.ark
âś… cegs.192.ark
âś… cegs.193.ark
âś… cegs.194.ark
âś… cegs.195.ark
âś… cegs.196.ark
âś… cegs.197.ark
âś… cegs.198.ark
âś… cegs.199.ark
âś… cegs.19.ark
âś… cegs.1.ark
âś… cegs.200.ark
âś… cegs.201.ark
âś… cegs.202.ark
âś… cegs.203.ark
âś… cegs.204.ark
âś… cegs.205.ark
âś… cegs.206.ark
âś… cegs.207.ark
âś… cegs.208.ark
âś… cegs.209.ark
âś… cegs.20.ark
âś… cegs.210.ark
âś… cegs.211.ark
âś… cegs.212.ark
âś… cegs.213.ark
âś… cegs.214.ark
âś… cegs.215.ark
âś… cegs.216.ark
âś… cegs.217.ark
âś… cegs.218.ark
âś… cegs.219.ark
âś… cegs.21.ark
âś… cegs.220.ark
âś… cegs.221.ark
âś… cegs.222.ark
âś… cegs.223.ark
âś… cegs.224.ark
âś… cegs.225.ark
âś… cegs.226.ark
âś… cegs.227.ark
âś… cegs.228.ark
âś… cegs.229.ark
âś… cegs.22.ark
âś… cegs.230.ark
âś… cegs.231.ark
âś… cegs.232.ark
âś… cegs.233.ark
âś… cegs.234.ark
âś… cegs.235.ark
âś… cegs.236.ark
âś… cegs.237.ark
âś… cegs.238.ark
âś… cegs.239.ark
âś… cegs.23.ark
âś… cegs.240.ark
âś… cegs.241.ark
âś… cegs.242.ark
âś… cegs.243.ark
âś… cegs.244.ark
âś… cegs.245.ark
âś… cegs.246.ark
âś… cegs.247.ark
âś… cegs.248.ark
âś… cegs.249.ark
âś… cegs.24.ark
âś… cegs.250.ark
âś… cegs.251.ark
âś… cegs.252.ark
âś… cegs.253.ark
âś… cegs.254.ark
âś… cegs.255.ark
âś… cegs.256.ark
âś… cegs.257.ark
âś… cegs.258.ark
âś… cegs.259.ark
âś… cegs.25.ark
âś… cegs.260.ark
âś… cegs.261.ark
âś… cegs.262.ark
âś… cegs.263.ark
âś… cegs.264.ark
âś… cegs.265.ark
âś… cegs.266.ark
âś… cegs.267.ark
âś… cegs.268.ark
âś… cegs.269.ark
âś… cegs.26.ark
âś… cegs.270.ark
âś… cegs.271.ark
âś… cegs.272.ark
âś… cegs.273.ark
âś… cegs.274.ark
âś… cegs.275.ark
âś… cegs.276.ark
âś… cegs.277.ark
âś… cegs.278.ark
âś… cegs.279.ark
âś… cegs.27.ark
âś… cegs.280.ark
âś… cegs.281.ark
âś… cegs.282.ark
âś… cegs.283.ark
âś… cegs.284.ark
âś… cegs.285.ark
âś… cegs.286.ark
âś… cegs.287.ark
âś… cegs.288.ark
âś… cegs.289.ark
âś… cegs.28.ark
âś… cegs.290.ark
âś… cegs.291.ark
âś… cegs.292.ark
âś… cegs.293.ark
âś… cegs.294.ark
âś… cegs.295.ark
âś… cegs.296.ark
âś… cegs.297.ark
âś… cegs.29.ark
âś… cegs.2.ark
âś… cegs.30.ark
âś… cegs.31.ark
âś… cegs.32.ark
âś… cegs.33.ark
âś… cegs.34.ark
âś… cegs.35.ark
âś… cegs.36.ark
âś… cegs.37.ark
âś… cegs.38.ark
âś… cegs.39.ark
âś… cegs.3.ark
âś… cegs.40.ark
âś… cegs.41.ark
âś… cegs.42.ark
âś… cegs.43.ark
âś… cegs.44.ark
âś… cegs.45.ark
âś… cegs.46.ark
âś… cegs.47.ark
âś… cegs.48.ark
âś… cegs.49.ark
âś… cegs.4.ark
âś… cegs.50.ark
âś… cegs.51.ark
âś… cegs.52.ark
âś… cegs.53.ark
âś… cegs.54.ark
âś… cegs.55.ark
âś… cegs.56.ark
âś… cegs.57.ark
âś… cegs.58.ark
âś… cegs.59.ark
âś… cegs.5.ark
âś… cegs.60.ark
âś… cegs.61.ark
âś… cegs.62.ark
âś… cegs.63.ark
âś… cegs.64.ark
âś… cegs.65.ark
âś… cegs.66.ark
âś… cegs.67.ark
âś… cegs.68.ark
âś… cegs.69.ark
âś… cegs.6.ark
âś… cegs.70.ark
âś… cegs.71.ark
âś… cegs.72.ark
âś… cegs.73.ark
âś… cegs.74.ark
âś… cegs.75.ark
âś… cegs.76.ark
âś… cegs.77.ark
âś… cegs.78.ark
âś… cegs.79.ark
âś… cegs.7.ark
âś… cegs.80.ark
âś… cegs.81.ark
âś… cegs.82.ark
âś… cegs.83.ark
âś… cegs.84.ark
âś… cegs.85.ark
âś… cegs.86.ark
âś… cegs.87.ark
âś… cegs.88.ark
âś… cegs.89.ark
âś… cegs.8.ark
âś… cegs.90.ark
âś… cegs.91.ark
âś… cegs.92.ark
âś… cegs.93.ark
âś… cegs.94.ark
âś… cegs.95.ark
âś… cegs.96.ark
âś… cegs.97.ark
âś… cegs.98.ark
âś… cegs.99.ark
âś… cegs.9.ark

=== Summary ===
Passed: 297
Failed: 0
Finished: Mon Feb  9 08:20:36 AM UTC 2026
0:36 AM UTC 2026
